wearOs/app/build/intermediates/manifest_merge_blame_file/debug/processDebugMainManifest/manifest-merger-blame-debug-report.txt
1<?xml version="1.0" encoding="utf-8"?>
2<manifest xmlns:android="http://schemas.android.com/apk/res/android"
3    package="main.mobile.healthmatewatchos"
4    android:versionCode="1"
5    android:versionName="1.0" >
6
7    <uses-sdk
8        android:minSdkVersion="30"
9        android:targetSdkVersion="35" />
10
11    <uses-feature android:name="android.hardware.type.watch" />
11-->src/main/AndroidManifest.xml:4:5-64
11-->src/main/AndroidManifest.xml:4:19-61
12
13    <uses-permission android:name="android.permission.INTERNET" />
13-->src/main/AndroidManifest.xml:5:5-67
13-->src/main/AndroidManifest.xml:5:22-64
14    <uses-permission android:name="android.permission.WAKE_LOCK" />
14-->src/main/AndroidManifest.xml:6:5-68
14-->src/main/AndroidManifest.xml:6:22-65
15    <uses-permission android:name="android.permission.BODY_SENSORS" />
15-->src/main/AndroidManifest.xml:7:5-71
15-->src/main/AndroidManifest.xml:7:22-68
16    <uses-permission android:name="android.permission.ACTIVITY_RECOGNITION" />
16-->src/main/AndroidManifest.xml:8:5-79
16-->src/main/AndroidManifest.xml:8:22-76
17    <uses-permission android:name="android.permission.BODY_SENSORS_BACKGROUND" />
17-->src/main/AndroidManifest.xml:9:5-81
17-->src/main/AndroidManifest.xml:9:22-79
18    <uses-permission android:name="android.permission.ACCESS_COARSE_LOCATION" />
18-->src/main/AndroidManifest.xml:10:5-80
18-->src/main/AndroidManifest.xml:10:22-78
19    <uses-permission android:name="android.permission.ACCESS_FINE_LOCATION" />
19-->src/main/AndroidManifest.xml:11:5-78
19-->src/main/AndroidManifest.xml:11:22-76
20    <uses-permission android:name="android.permission.ACCESS_BACKGROUND_LOCATION" />
20-->src/main/AndroidManifest.xml:12:5-85
20-->src/main/AndroidManifest.xml:12:22-82
21    <uses-permission android:name="android.permission.FOREGROUND_SERVICE" />
21-->src/main/AndroidManifest.xml:13:5-77
21-->src/main/AndroidManifest.xml:13:22-74
22    <uses-permission android:name="android.permission.BLUETOOTH" />
22-->src/main/AndroidManifest.xml:14:5-68
22-->src/main/AndroidManifest.xml:14:22-65
23    <uses-permission android:name="android.permission.BLUETOOTH_ADMIN" />
23-->src/main/AndroidManifest.xml:15:5-74
23-->src/main/AndroidManifest.xml:15:22-71
24    <uses-permission android:name="com.google.android.wearable.permission.RECEIVE_COMPLICATION_DATA" />
24-->src/main/AndroidManifest.xml:16:5-104
24-->src/main/AndroidManifest.xml:16:22-101
25
26    <queries>
26-->[androidx.wear.tiles:tiles:1.4.0] AndroidManifest.xml:7:5-11:15
27        <intent>
27-->[androidx.wear.tiles:tiles:1.4.0] AndroidManifest.xml:8:9-10:18
28            <action android:name="androidx.wear.tiles.action.BIND_UPDATE_REQUESTER" />
28-->[androidx.wear.tiles:tiles:1.4.0] AndroidManifest.xml:9:13-87
28-->[androidx.wear.tiles:tiles:1.4.0] AndroidManifest.xml:9:21-84
29        </intent>
30
31        <package android:name="com.google.android.wearable.healthservices" />
31-->[androidx.health:health-services-client:1.1.0-alpha05] AndroidManifest.xml:20:9-78
31-->[androidx.health:health-services-client:1.1.0-alpha05] AndroidManifest.xml:20:18-75
32    </queries>
33
34    <permission
34-->[androidx.core:core:1.13.1] AndroidManifest.xml:22:5-24:47
35        android:name="main.mobile.healthmatewatchos.DYNAMIC_RECEIVER_NOT_EXPORTED_PERMISSION"
35-->[androidx.core:core:1.13.1] AndroidManifest.xml:23:9-81
36        android:protectionLevel="signature" />
36-->[androidx.core:core:1.13.1] AndroidManifest.xml:24:9-44
37
38    <uses-permission android:name="main.mobile.healthmatewatchos.DYNAMIC_RECEIVER_NOT_EXPORTED_PERMISSION" />
38-->[androidx.core:core:1.13.1] AndroidManifest.xml:26:5-97
38-->[androidx.core:core:1.13.1] AndroidManifest.xml:26:22-94
39
40    <application
40-->src/main/AndroidManifest.xml:20:5-82:19
41        android:allowBackup="true"
41-->src/main/AndroidManifest.xml:22:9-35
42        android:appComponentFactory="androidx.core.app.CoreComponentFactory"
42-->[androidx.core:core:1.13.1] AndroidManifest.xml:28:18-86
43        android:debuggable="true"
44        android:extractNativeLibs="false"
45        android:icon="@mipmap/ic_launcher"
45-->src/main/AndroidManifest.xml:23:9-43
46        android:label="@string/app_name"
46-->src/main/AndroidManifest.xml:24:9-41
47        android:supportsRtl="true"
47-->src/main/AndroidManifest.xml:25:9-35
48        android:testOnly="true"
49        android:theme="@android:style/Theme.DeviceDefault"
49-->src/main/AndroidManifest.xml:26:9-59
50        android:usesCleartextTraffic="true" >
50-->src/main/AndroidManifest.xml:21:9-44
51        <service
51-->src/main/AndroidManifest.xml:27:9-42:19
52            android:name="main.mobile.healthmatewatchos.complication.MainComplicationService"
52-->src/main/AndroidManifest.xml:28:13-65
53            android:exported="true"
53-->src/main/AndroidManifest.xml:29:13-36
54            android:label="@string/complication_label"
54-->src/main/AndroidManifest.xml:30:13-55
55            android:permission="com.google.android.wearable.permission.BIND_COMPLICATION_PROVIDER" >
55-->src/main/AndroidManifest.xml:31:13-99
56            <intent-filter>
56-->src/main/AndroidManifest.xml:32:13-34:29
57                <action android:name="android.support.wearable.complications.ACTION_COMPLICATION_UPDATE_REQUEST" />
57-->src/main/AndroidManifest.xml:33:17-116
57-->src/main/AndroidManifest.xml:33:25-113
58            </intent-filter>
59
60            <meta-data
60-->src/main/AndroidManifest.xml:36:13-38:46
61                android:name="android.support.wearable.complications.SUPPORTED_TYPES"
61-->src/main/AndroidManifest.xml:37:17-86
62                android:value="SHORT_TEXT" />
62-->src/main/AndroidManifest.xml:38:17-43
63            <meta-data
63-->src/main/AndroidManifest.xml:39:13-41:37
64                android:name="android.support.wearable.complications.UPDATE_PERIOD_SECONDS"
64-->src/main/AndroidManifest.xml:40:17-92
65                android:value="0" />
65-->src/main/AndroidManifest.xml:41:17-34
66        </service>
67        <service
67-->src/main/AndroidManifest.xml:43:9-55:19
68            android:name="main.mobile.healthmatewatchos.tile.MainTileService"
68-->src/main/AndroidManifest.xml:44:13-49
69            android:exported="true"
69-->src/main/AndroidManifest.xml:45:13-36
70            android:label="@string/tile_label"
70-->src/main/AndroidManifest.xml:46:13-47
71            android:permission="com.google.android.wearable.permission.BIND_TILE_PROVIDER" >
71-->src/main/AndroidManifest.xml:47:13-91
72            <intent-filter>
72-->src/main/AndroidManifest.xml:48:13-50:29
73                <action android:name="androidx.wear.tiles.action.BIND_TILE_PROVIDER" />
73-->src/main/AndroidManifest.xml:49:17-88
73-->src/main/AndroidManifest.xml:49:25-85
74            </intent-filter>
75
76            <meta-data
76-->src/main/AndroidManifest.xml:52:13-54:61
77                android:name="androidx.wear.tiles.PREVIEW"
77-->src/main/AndroidManifest.xml:53:17-59
78                android:resource="@drawable/tile_preview" />
78-->src/main/AndroidManifest.xml:54:17-58
79        </service>
80
81        <uses-library
81-->src/main/AndroidManifest.xml:57:9-59:39
82            android:name="com.google.android.wearable"
82-->src/main/AndroidManifest.xml:58:13-55
83            android:required="true" />
83-->src/main/AndroidManifest.xml:59:13-36
84        <!--
85               Set to true if your app is Standalone, that is, it does not require the handheld
86               app to run.
87        -->
88        <meta-data
88-->src/main/AndroidManifest.xml:64:9-66:36
89            android:name="com.google.android.wearable.standalone"
89-->src/main/AndroidManifest.xml:65:13-66
90            android:value="true" />
90-->src/main/AndroidManifest.xml:66:13-33
91
92        <activity
92-->src/main/AndroidManifest.xml:68:9-78:20
93            android:name="main.mobile.healthmatewatchos.presentation.MainActivity"
93-->src/main/AndroidManifest.xml:69:13-54
94            android:exported="true"
94-->src/main/AndroidManifest.xml:70:13-36
95            android:taskAffinity=""
95-->src/main/AndroidManifest.xml:71:13-36
96            android:theme="@style/MainActivityTheme.Starting" >
96-->src/main/AndroidManifest.xml:72:13-62
97            <intent-filter>
97-->src/main/AndroidManifest.xml:73:13-77:29
98                <action android:name="android.intent.action.MAIN" />
98-->src/main/AndroidManifest.xml:74:17-69
98-->src/main/AndroidManifest.xml:74:25-66
99
100                <category android:name="android.intent.category.LAUNCHER" />
100-->src/main/AndroidManifest.xml:76:17-77
100-->src/main/AndroidManifest.xml:76:27-74
101            </intent-filter>
102        </activity>
103
104        <uses-library
104-->[androidx.wear.tiles:tiles:1.4.0] AndroidManifest.xml:14:9-16:40
105            android:name="wear-sdk"
105-->[androidx.wear.tiles:tiles:1.4.0] AndroidManifest.xml:15:13-36
106            android:required="false" />
106-->[androidx.wear.tiles:tiles:1.4.0] AndroidManifest.xml:16:13-37
107
108        <activity
108-->[androidx.compose.ui:ui-tooling-android:1.7.0] AndroidManifest.xml:23:9-25:39
109            android:name="androidx.compose.ui.tooling.PreviewActivity"
109-->[androidx.compose.ui:ui-tooling-android:1.7.0] AndroidManifest.xml:24:13-71
110            android:exported="true" />
110-->[androidx.compose.ui:ui-tooling-android:1.7.0] AndroidManifest.xml:25:13-36
111        <activity
111-->[androidx.compose.ui:ui-test-manifest:1.7.0] AndroidManifest.xml:23:9-25:39
112            android:name="androidx.activity.ComponentActivity"
112-->[androidx.compose.ui:ui-test-manifest:1.7.0] AndroidManifest.xml:24:13-63
113            android:exported="true" />
113-->[androidx.compose.ui:ui-test-manifest:1.7.0] AndroidManifest.xml:25:13-36
114        <activity
114-->[com.google.android.gms:play-services-base:18.1.0] AndroidManifest.xml:20:9-22:45
115            android:name="com.google.android.gms.common.api.GoogleApiActivity"
115-->[com.google.android.gms:play-services-base:18.1.0] AndroidManifest.xml:20:19-85
116            android:exported="false"
116-->[com.google.android.gms:play-services-base:18.1.0] AndroidManifest.xml:22:19-43
117            android:theme="@android:style/Theme.Translucent.NoTitleBar" />
117-->[com.google.android.gms:play-services-base:18.1.0] AndroidManifest.xml:21:19-78
118
119        <meta-data
119-->[com.google.android.gms:play-services-basement:18.1.0] AndroidManifest.xml:21:9-23:69
120            android:name="com.google.android.gms.version"
120-->[com.google.android.gms:play-services-basement:18.1.0] AndroidManifest.xml:22:13-58
121            android:value="@integer/google_play_services_version" />
121-->[com.google.android.gms:play-services-basement:18.1.0] AndroidManifest.xml:23:13-66
122
123        <provider
123-->[androidx.emoji2:emoji2:1.3.0] AndroidManifest.xml:24:9-32:20
124            android:name="androidx.startup.InitializationProvider"
124-->[androidx.emoji2:emoji2:1.3.0] AndroidManifest.xml:25:13-67
125            android:authorities="main.mobile.healthmatewatchos.androidx-startup"
125-->[androidx.emoji2:emoji2:1.3.0] AndroidManifest.xml:26:13-68
126            android:exported="false" >
126-->[androidx.emoji2:emoji2:1.3.0] AndroidManifest.xml:27:13-37
127            <meta-data
127-->[androidx.emoji2:emoji2:1.3.0] AndroidManifest.xml:29:13-31:52
128                android:name="androidx.emoji2.text.EmojiCompatInitializer"
128-->[androidx.emoji2:emoji2:1.3.0] AndroidManifest.xml:30:17-75
129                android:value="androidx.startup" />
129-->[androidx.emoji2:emoji2:1.3.0] AndroidManifest.xml:31:17-49
130            <meta-data
130-->[androidx.lifecycle:lifecycle-process:2.8.3] AndroidManifest.xml:29:13-31:52
131                android:name="androidx.lifecycle.ProcessLifecycleInitializer"
131-->[androidx.lifecycle:lifecycle-process:2.8.3] AndroidManifest.xml:30:17-78
132                android:value="androidx.startup" />
132-->[androidx.lifecycle:lifecycle-process:2.8.3] AndroidManifest.xml:31:17-49
133            <meta-data
133-->[androidx.profileinstaller:profileinstaller:1.3.1] AndroidManifest.xml:29:13-31:52
134                android:name="androidx.profileinstaller.ProfileInstallerInitializer"
134-->[androidx.profileinstaller:profileinstaller:1.3.1] AndroidManifest.xml:30:17-85
135                android:value="androidx.startup" />
135-->[androidx.profileinstaller:profileinstaller:1.3.1] AndroidManifest.xml:31:17-49
136        </provider>
137
138        <service
138-->[androidx.health:health-services-client:1.1.0-alpha05] AndroidManifest.xml:24:9-31:19
139            android:name="androidx.health.services.client.VersionApiService"
139-->[androidx.health:health-services-client:1.1.0-alpha05] AndroidManifest.xml:25:13-77
140            android:exported="true"
140-->[androidx.health:health-services-client:1.1.0-alpha05] AndroidManifest.xml:26:13-36
141            android:permission="com.google.android.wearable.healthservices.permission.PASSIVE_DATA_BINDING" >
141-->[androidx.health:health-services-client:1.1.0-alpha05] AndroidManifest.xml:27:13-108
142            <intent-filter>
142-->[androidx.health:health-services-client:1.1.0-alpha05] AndroidManifest.xml:28:13-30:29
143                <action android:name="hs.versionclient.BIND" />
143-->[androidx.health:health-services-client:1.1.0-alpha05] AndroidManifest.xml:29:17-64
143-->[androidx.health:health-services-client:1.1.0-alpha05] AndroidManifest.xml:29:25-61
144            </intent-filter>
145        </service>
146
147        <receiver
147-->[androidx.profileinstaller:profileinstaller:1.3.1] AndroidManifest.xml:34:9-52:20
148            android:name="androidx.profileinstaller.ProfileInstallReceiver"
148-->[androidx.profileinstaller:profileinstaller:1.3.1] AndroidManifest.xml:35:13-76
149            android:directBootAware="false"
149-->[androidx.profileinstaller:profileinstaller:1.3.1] AndroidManifest.xml:36:13-44
150            android:enabled="true"
150-->[androidx.profileinstaller:profileinstaller:1.3.1] AndroidManifest.xml:37:13-35
151            android:exported="true"
151-->[androidx.profileinstaller:profileinstaller:1.3.1] AndroidManifest.xml:38:13-36
152            android:permission="android.permission.DUMP" >
152-->[androidx.profileinstaller:profileinstaller:1.3.1] AndroidManifest.xml:39:13-57
153            <intent-filter>
153-->[androidx.profileinstaller:profileinstaller:1.3.1] AndroidManifest.xml:40:13-42:29
154                <action android:name="androidx.profileinstaller.action.INSTALL_PROFILE" />
154-->[androidx.profileinstaller:profileinstaller:1.3.1] AndroidManifest.xml:41:17-91
154-->[androidx.profileinstaller:profileinstaller:1.3.1] AndroidManifest.xml:41:25-88
155            </intent-filter>
156            <intent-filter>
156-->[androidx.profileinstaller:profileinstaller:1.3.1] AndroidManifest.xml:43:13-45:29
157                <action android:name="androidx.profileinstaller.action.SKIP_FILE" />
157-->[androidx.profileinstaller:profileinstaller:1.3.1] AndroidManifest.xml:44:17-85
157-->[androidx.profileinstaller:profileinstaller:1.3.1] AndroidManifest.xml:44:25-82
158            </intent-filter>
159            <intent-filter>
159-->[androidx.profileinstaller:profileinstaller:1.3.1] AndroidManifest.xml:46:13-48:29
160                <action android:name="androidx.profileinstaller.action.SAVE_PROFILE" />
160-->[androidx.profileinstaller:profileinstaller:1.3.1] AndroidManifest.xml:47:17-88
160-->[androidx.profileinstaller:profileinstaller:1.3.1] AndroidManifest.xml:47:25-85
161            </intent-filter>
162            <intent-filter>
162-->[androidx.profileinstaller:profileinstaller:1.3.1] AndroidManifest.xml:49:13-51:29
163                <action android:name="androidx.profileinstaller.action.BENCHMARK_OPERATION" />
163-->[androidx.profileinstaller:profileinstaller:1.3.1] AndroidManifest.xml:50:17-95
163-->[androidx.profileinstaller:profileinstaller:1.3.1] AndroidManifest.xml:50:25-92
164            </intent-filter>
165        </receiver>
166    </application>
167
168</manifest>